<?xml version="1.0" encoding="UTF-8"?>
<!-- Generated by org.testng.reporters.JUnitReportReporter -->
<testsuite hostname="inha-pbpd7473" failures="0" tests="2" name="com.Test.basicDataProviderExample" time="82.259" errors="0" timestamp="2023-04-06T14:23:15 IST" skipped="0">
  <testcase classname="com.Test.basicDataProviderExample" name="verify_ytp_journey" time="40.698"/>
  <system-out/>
  <testcase classname="com.Test.basicDataProviderExample" name="verify_ytp_journey" time="41.561"/>
  <system-out/>
</testsuite> <!-- com.Test.basicDataProviderExample -->
