<?xml version="1.0" encoding="UTF-8"?>
<!-- Generated by org.testng.reporters.JUnitReportReporter -->
<testsuite hostname="Ganesh_Mahure" failures="0" tests="1" name="com.Test.TC_gfp" time="0.000" errors="0" timestamp="2023-05-27T17:07:17 IST" skipped="1">
  <testcase classname="com.Test.TC_gfp" name="verify_gfp_journey" time="0.000">
    <skipped/>
  </testcase> <!-- verify_gfp_journey -->
  <system-out/>
</testsuite> <!-- com.Test.TC_gfp -->
